[0m03:03:12.899430 [debug] [MainThread]: Sending event: {'category': 'dbt', 'action': 'invocation', 'label': 'start', 'context': [<snowplow_tracker.self_describing_json.SelfDescribingJson object at 0x7f3d46e71fc0>, <snowplow_tracker.self_describing_json.SelfDescribingJson object at 0x7f3d47376bc0>, <snowplow_tracker.self_describing_json.SelfDescribingJson object at 0x7f3d4500a2f0>]}


============================== 03:03:12.902436 | 0ab25dd8-fcd4-4ff7-9ac1-d5f3176f035d ==============================
[0m03:03:12.902436 [info ] [MainThread]: Running with dbt=1.7.7
[0m03:03:12.903404 [debug] [MainThread]: running dbt with arguments {'printer_width': '80', 'indirect_selection': 'eager', 'write_json': 'True', 'log_cache_events': 'False', 'partial_parse': 'True', 'cache_selected_only': 'False', 'warn_error': 'None', 'debug': 'False', 'fail_fast': 'False', 'log_path': 'logs', 'profiles_dir': '/home/codespace/.dbt', 'version_check': 'True', 'use_colors': 'True', 'use_experimental_parser': 'False', 'no_print': 'None', 'quiet': 'False', 'log_format': 'default', 'invocation_command': 'dbt init', 'static_parser': 'True', 'introspect': 'True', 'target_path': 'None', 'warn_error_options': 'WarnErrorOptions(include=[], exclude=[])', 'send_anonymous_usage_stats': 'True'}
[0m03:03:37.748938 [debug] [MainThread]: Starter project path: /usr/local/python/3.10.13/lib/python3.10/site-packages/dbt/include/starter_project
[0m03:03:37.766539 [info ] [MainThread]: 
Your new dbt project "ny_taxi_rides" was created!

For more information on how to configure the profiles.yml file,
please consult the dbt documentation here:

  https://docs.getdbt.com/docs/configure-your-profile

One more thing:

Need help? Don't hesitate to reach out to us via GitHub issues or on Slack:

  https://community.getdbt.com/

Happy modeling!

[0m03:03:37.768989 [info ] [MainThread]: Setting up your profile.
[0m03:04:07.456370 [info ] [MainThread]: Profile ny_taxi_rides written to /home/codespace/.dbt/profiles.yml using target's profile_template.yml and your supplied values. Run 'dbt debug' to validate the connection.
[0m03:04:07.457971 [debug] [MainThread]: Resource report: {"command_name": "init", "command_success": true, "command_wall_clock_time": 54.64561, "process_user_time": 2.841294, "process_kernel_time": 0.139538, "process_mem_max_rss": "100144", "process_in_blocks": "104", "process_out_blocks": "80"}
[0m03:04:07.458948 [debug] [MainThread]: Command `dbt init` succeeded at 03:04:07.458715 after 54.65 seconds
[0m03:04:07.460011 [debug] [MainThread]: Sending event: {'category': 'dbt', 'action': 'invocation', 'label': 'end', 'context': [<snowplow_tracker.self_describing_json.SelfDescribingJson object at 0x7f3d46e71fc0>, <snowplow_tracker.self_describing_json.SelfDescribingJson object at 0x7f3d44f326b0>, <snowplow_tracker.self_describing_json.SelfDescribingJson object at 0x7f3d44f30310>]}
[0m03:04:07.461211 [debug] [MainThread]: Flushing usage events
[0m03:04:17.948503 [debug] [MainThread]: Sending event: {'category': 'dbt', 'action': 'invocation', 'label': 'start', 'context': [<snowplow_tracker.self_describing_json.SelfDescribingJson object at 0x7fdaa1f5f3a0>, <snowplow_tracker.self_describing_json.SelfDescribingJson object at 0x7fdaa2462c20>, <snowplow_tracker.self_describing_json.SelfDescribingJson object at 0x7fdaa009f130>]}


============================== 03:04:17.951605 | 13627db1-afb0-44f4-be28-9a01ec58a265 ==============================
[0m03:04:17.951605 [info ] [MainThread]: Running with dbt=1.7.7
[0m03:04:17.952578 [debug] [MainThread]: running dbt with arguments {'printer_width': '80', 'indirect_selection': 'eager', 'write_json': 'True', 'log_cache_events': 'False', 'partial_parse': 'True', 'cache_selected_only': 'False', 'profiles_dir': '/home/codespace/.dbt', 'version_check': 'True', 'fail_fast': 'False', 'log_path': 'logs', 'warn_error': 'None', 'debug': 'False', 'use_colors': 'True', 'use_experimental_parser': 'False', 'no_print': 'None', 'quiet': 'False', 'log_format': 'default', 'introspect': 'True', 'warn_error_options': 'WarnErrorOptions(include=[], exclude=[])', 'invocation_command': 'dbt debug', 'target_path': 'None', 'static_parser': 'True', 'send_anonymous_usage_stats': 'True'}
[0m03:04:17.953485 [info ] [MainThread]: dbt version: 1.7.7
[0m03:04:17.954259 [info ] [MainThread]: python version: 3.10.13
[0m03:04:17.954982 [info ] [MainThread]: python path: /usr/local/python/3.10.13/bin/python
[0m03:04:17.955704 [info ] [MainThread]: os info: Linux-6.2.0-1019-azure-x86_64-with-glibc2.31
[0m03:04:18.100607 [info ] [MainThread]: Using profiles dir at /home/codespace/.dbt
[0m03:04:18.101453 [info ] [MainThread]: Using profiles.yml file at /home/codespace/.dbt/profiles.yml
[0m03:04:18.102249 [info ] [MainThread]: Using dbt_project.yml file at /workspaces/Datatalks2024/04-analytics-engineering/dbt_project.yml
[0m03:04:18.103144 [error] [MainThread]: Encountered an error:
Internal Error
  Profile should not be None if loading profile completed
[0m03:04:18.104443 [debug] [MainThread]: Resource report: {"command_name": "debug", "command_wall_clock_time": 0.24656738, "process_user_time": 2.892109, "process_kernel_time": 0.168006, "process_mem_max_rss": "101128", "process_out_blocks": "8", "command_success": false, "process_in_blocks": "0"}
[0m03:04:18.105324 [debug] [MainThread]: Command `dbt debug` failed at 03:04:18.105094 after 0.25 seconds
[0m03:04:18.106032 [debug] [MainThread]: Sending event: {'category': 'dbt', 'action': 'invocation', 'label': 'end', 'context': [<snowplow_tracker.self_describing_json.SelfDescribingJson object at 0x7fdaa1f5f3a0>, <snowplow_tracker.self_describing_json.SelfDescribingJson object at 0x7fdaa0253190>, <snowplow_tracker.self_describing_json.SelfDescribingJson object at 0x7fda9ffd4790>]}
[0m03:04:18.106853 [debug] [MainThread]: Flushing usage events
